# JRE version: Java(TM) SE Runtime Environment (7.0_79-b15) (build 1.7.0_79-b15)
# Java VM: Java HotSpot(TM) 64-Bit Server VM (24.79-b02 mixed mode bsd-amd64 compressed oops)
Heap
 PSYoungGen      total 316416K, used 300381K [0x00000007eaa80000, 0x0000000800000000, 0x0000000800000000)
  eden space 297472K, 94% used [0x00000007eaa80000,0x00000007fbdab550,0x00000007fcd00000)
  from space 18944K, 98% used [0x00000007fcd00000,0x00000007fdf2c1f0,0x00000007fdf80000)
  to   space 27136K, 0% used [0x00000007fe580000,0x00000007fe580000,0x0000000800000000)
 ParOldGen       total 699392K, used 385831K [0x00000007bff80000, 0x00000007eaa80000, 0x00000007eaa80000)
  object space 699392K, 55% used [0x00000007bff80000,0x00000007d7849ce0,0x00000007eaa80000)
 PSPermGen       total 100352K, used 100061K [0x000000079ff80000, 0x00000007a6180000, 0x00000007bff80000)
  object space 100352K, 99% used [0x000000079ff80000,0x00000007a6137420,0x00000007a6180000)
GC Heap History (10 events):
Event: 45882.172 GC heap before
{Heap before GC invocations=113 (full 0):
 PSYoungGen      total 324096K, used 307200K [0x00000007eaa80000, 0x0000000800000000, 0x0000000800000000)
  eden space 296960K, 100% used [0x00000007eaa80000,0x00000007fcc80000,0x00000007fcc80000)
  from space 27136K, 37% used [0x00000007fe580000,0x00000007fef80000,0x0000000800000000)
  to   space 25600K, 0% used [0x00000007fcc80000,0x00000007fcc80000,0x00000007fe580000)
 ParOldGen       total 699392K, used 377355K [0x00000007bff80000, 0x00000007eaa80000, 0x00000007eaa80000)
  object space 699392K, 53% used [0x00000007bff80000,0x00000007d7002f30,0x00000007eaa80000)
 PSPermGen       total 100352K, used 100032K [0x000000079ff80000, 0x00000007a6180000, 0x00000007bff80000)
  object space 100352K, 99% used [0x000000079ff80000,0x00000007a6130210,0x00000007a6180000)
Event: 45882.187 GC heap after
Heap after GC invocations=113 (full 0):
 PSYoungGen      total 322560K, used 8086K [0x00000007eaa80000, 0x0000000800000000, 0x0000000800000000)
  eden space 296960K, 0% used [0x00000007eaa80000,0x00000007eaa80000,0x00000007fcc80000)
  from space 25600K, 31% used [0x00000007fcc80000,0x00000007fd465980,0x00000007fe580000)
  to   space 24576K, 0% used [0x00000007fe800000,0x00000007fe800000,0x0000000800000000)
 ParOldGen       total 699392K, used 377387K [0x00000007bff80000, 0x00000007eaa80000, 0x00000007eaa80000)
  object space 699392K, 53% used [0x00000007bff80000,0x00000007d700af30,0x00000007eaa80000)
 PSPermGen       total 100352K, used 100032K [0x000000079ff80000, 0x00000007a6180000, 0x00000007bff80000)
  object space 100352K, 99% used [0x000000079ff80000,0x00000007a6130210,0x00000007a6180000)
}
Event: 45882.692 GC heap before
{Heap before GC invocations=114 (full 0):
 PSYoungGen      total 322560K, used 305046K [0x00000007eaa80000, 0x0000000800000000, 0x0000000800000000)
  eden space 296960K, 100% used [0x00000007eaa80000,0x00000007fcc80000,0x00000007fcc80000)
  from space 25600K, 31% used [0x00000007fcc80000,0x00000007fd465980,0x00000007fe580000)
  to   space 24576K, 0% used [0x00000007fe800000,0x00000007fe800000,0x0000000800000000)
 ParOldGen       total 699392K, used 377387K [0x00000007bff80000, 0x00000007eaa80000, 0x00000007eaa80000)
  object space 699392K, 53% used [0x00000007bff80000,0x00000007d700af30,0x00000007eaa80000)
 PSPermGen       total 100352K, used 100032K [0x000000079ff80000, 0x00000007a6180000, 0x00000007bff80000)
  object space 100352K, 99% used [0x000000079ff80000,0x00000007a6130210,0x00000007a6180000)
Event: 45882.708 GC heap after
Heap after GC invocations=114 (full 0):
 PSYoungGen      total 324096K, used 15484K [0x00000007eaa80000, 0x0000000800000000, 0x0000000800000000)
  eden space 299520K, 0% used [0x00000007eaa80000,0x00000007eaa80000,0x00000007fcf00000)
  from space 24576K, 63% used [0x00000007fe800000,0x00000007ff71f260,0x0000000800000000)
  to   space 25088K, 0% used [0x00000007fcf00000,0x00000007fcf00000,0x00000007fe780000)
 ParOldGen       total 699392K, used 381860K [0x00000007bff80000, 0x00000007eaa80000, 0x00000007eaa80000)
  object space 699392K, 54% used [0x00000007bff80000,0x00000007d7469008,0x00000007eaa80000)
 PSPermGen       total 100352K, used 100032K [0x000000079ff80000, 0x00000007a6180000, 0x00000007bff80000)
  object space 100352K, 99% used [0x000000079ff80000,0x00000007a6130210,0x00000007a6180000)
}
Event: 45883.259 GC heap before
{Heap before GC invocations=115 (full 0):
 PSYoungGen      total 324096K, used 315004K [0x00000007eaa80000, 0x0000000800000000, 0x0000000800000000)
  eden space 299520K, 100% used [0x00000007eaa80000,0x00000007fcf00000,0x00000007fcf00000)
  from space 24576K, 63% used [0x00000007fe800000,0x00000007ff71f260,0x0000000800000000)
  to   space 25088K, 0% used [0x00000007fcf00000,0x00000007fcf00000,0x00000007fe780000)
 ParOldGen       total 699392K, used 381860K [0x00000007bff80000, 0x00000007eaa80000, 0x00000007eaa80000)
  object space 699392K, 54% used [0x00000007bff80000,0x00000007d7469008,0x00000007eaa80000)
 PSPermGen       total 100352K, used 100032K [0x000000079ff80000, 0x00000007a6180000, 0x00000007bff80000)
  object space 100352K, 99% used [0x000000079ff80000,0x00000007a6130210,0x00000007a6180000)
Event: 45883.275 GC heap after
Heap after GC invocations=115 (full 0):
 PSYoungGen      total 317440K, used 17586K [0x00000007eaa80000, 0x0000000800000000, 0x0000000800000000)
  eden space 299520K, 0% used [0x00000007eaa80000,0x00000007eaa80000,0x00000007fcf00000)
  from space 17920K, 98% used [0x00000007fcf00000,0x00000007fe02c900,0x00000007fe080000)
  to   space 26112K, 0% used [0x00000007fe680000,0x00000007fe680000,0x0000000800000000)
 ParOldGen       total 699392K, used 384051K [0x00000007bff80000, 0x00000007eaa80000, 0x00000007eaa80000)
  object space 699392K, 54% used [0x00000007bff80000,0x00000007d768cfc8,0x00000007eaa80000)
 PSPermGen       total 100352K, used 100032K [0x000000079ff80000, 0x00000007a6180000, 0x00000007bff80000)
  object space 100352K, 99% used [0x000000079ff80000,0x00000007a6130210,0x00000007a6180000)
}
Event: 45883.958 GC heap before
{Heap before GC invocations=116 (full 0):
 PSYoungGen      total 317440K, used 317106K [0x00000007eaa80000, 0x0000000800000000, 0x0000000800000000)
  eden space 299520K, 100% used [0x00000007eaa80000,0x00000007fcf00000,0x00000007fcf00000)
  from space 17920K, 98% used [0x00000007fcf00000,0x00000007fe02c900,0x00000007fe080000)
  to   space 26112K, 0% used [0x00000007fe680000,0x00000007fe680000,0x0000000800000000)
 ParOldGen       total 699392K, used 384051K [0x00000007bff80000, 0x00000007eaa80000, 0x00000007eaa80000)
  object space 699392K, 54% used [0x00000007bff80000,0x00000007d768cfc8,0x00000007eaa80000)
 PSPermGen       total 100352K, used 100040K [0x000000079ff80000, 0x00000007a6180000, 0x00000007bff80000)
  object space 100352K, 99% used [0x000000079ff80000,0x00000007a6132068,0x00000007a6180000)
Event: 45883.973 GC heap after
Heap after GC invocations=116 (full 0):
 PSYoungGen      total 323584K, used 15852K [0x00000007eaa80000, 0x0000000800000000, 0x0000000800000000)
  eden space 297472K, 0% used [0x00000007eaa80000,0x00000007eaa80000,0x00000007fcd00000)
  from space 26112K, 60% used [0x00000007fe680000,0x00000007ff5fb190,0x0000000800000000)
  to   space 26112K, 0% used [0x00000007fcd00000,0x00000007fcd00000,0x00000007fe680000)
 ParOldGen       total 699392K, used 384091K [0x00000007bff80000, 0x00000007eaa80000, 0x00000007eaa80000)
  object space 699392K, 54% used [0x00000007bff80000,0x00000007d7696fc8,0x00000007eaa80000)
 PSPermGen       total 100352K, used 100040K [0x000000079ff80000, 0x00000007a6180000, 0x00000007bff80000)
  object space 100352K, 99% used [0x000000079ff80000,0x00000007a6132068,0x00000007a6180000)
}
Event: 45884.629 GC heap before
{Heap before GC invocations=117 (full 0):
 PSYoungGen      total 323584K, used 313324K [0x00000007eaa80000, 0x0000000800000000, 0x0000000800000000)
  eden space 297472K, 100% used [0x00000007eaa80000,0x00000007fcd00000,0x00000007fcd00000)
  from space 26112K, 60% used [0x00000007fe680000,0x00000007ff5fb190,0x0000000800000000)
  to   space 26112K, 0% used [0x00000007fcd00000,0x00000007fcd00000,0x00000007fe680000)
 ParOldGen       total 699392K, used 384091K [0x00000007bff80000, 0x00000007eaa80000, 0x00000007eaa80000)
  object space 699392K, 54% used [0x00000007bff80000,0x00000007d7696fc8,0x00000007eaa80000)
 PSPermGen       total 100352K, used 100050K [0x000000079ff80000, 0x00000007a6180000, 0x00000007bff80000)
  object space 100352K, 99% used [0x000000079ff80000,0x00000007a6134838,0x00000007a6180000)
Event: 45884.644 GC heap after
Heap after GC invocations=117 (full 0):
 PSYoungGen      total 316416K, used 18608K [0x00000007eaa80000, 0x0000000800000000, 0x0000000800000000)
  eden space 297472K, 0% used [0x00000007eaa80000,0x00000007eaa80000,0x00000007fcd00000)
  from space 18944K, 98% used [0x00000007fcd00000,0x00000007fdf2c1f0,0x00000007fdf80000)
  to   space 27136K, 0% used [0x00000007fe580000,0x00000007fe580000,0x0000000800000000)
 ParOldGen       total 699392K, used 385831K [0x00000007bff80000, 0x00000007eaa80000, 0x00000007eaa80000)
  object space 699392K, 55% used [0x00000007bff80000,0x00000007d7849ce0,0x00000007eaa80000)
 PSPermGen       total 100352K, used 100050K [0x000000079ff80000, 0x00000007a6180000, 0x00000007bff80000)
  object space 100352K, 99% used [0x000000079ff80000,0x00000007a6134838,0x00000007a6180000)
}

